[NbConvertApp] Converting notebook notebooks\09_MLOps_Drift_Monitoring.ipynb to notebook
C:\Users\manid\Projects\Fraud_Detection_Pipeline\AI-Fraud-Detection-Platform\.venv\Lib\site-packages\zmq\_future.py:718: RuntimeWarning: Proactor event loop does not implement add_reader family of methods required for zmq. Registering an additional selector thread for add_reader support via tornado. Use `asyncio.set_event_loop_policy(WindowsSelectorEventLoopPolicy())` to avoid this warning.
  self._get_loop()
[IPKernelApp] WARNING | Kernel is running over TCP without encryption. All communication (including code and outputs) is sent in plain text and is susceptible to eavesdropping. Use IPC transport or launch with kernel manager-provisioned CurveZMQ keys to enable transport encryption.
Traceback (most recent call last):
  File "<frozen runpy>", line 198, in _run_module_as_main
  File "<frozen runpy>", line 88, in _run_code
  File "C:\Users\manid\Projects\Fraud_Detection_Pipeline\AI-Fraud-Detection-Platform\.venv\Scripts\jupyter-nbconvert.EXE\__main__.py", line 5, in <module>
  File "C:\Users\manid\Projects\Fraud_Detection_Pipeline\AI-Fraud-Detection-Platform\.venv\Lib\site-packages\jupyter_core\application.py", line 284, in launch_instance
    super().launch_instance(argv=argv, **kwargs)
  File "C:\Users\manid\Projects\Fraud_Detection_Pipeline\AI-Fraud-Detection-Platform\.venv\Lib\site-packages\traitlets\config\application.py", line 1082, in launch_instance
    app.start()
  File "C:\Users\manid\Projects\Fraud_Detection_Pipeline\AI-Fraud-Detection-Platform\.venv\Lib\site-packages\nbconvert\nbconvertapp.py", line 420, in start
    self.convert_notebooks()
  File "C:\Users\manid\Projects\Fraud_Detection_Pipeline\AI-Fraud-Detection-Platform\.venv\Lib\site-packages\nbconvert\nbconvertapp.py", line 597, in convert_notebooks
    self.convert_single_notebook(notebook_filename)
  File "C:\Users\manid\Projects\Fraud_Detection_Pipeline\AI-Fraud-Detection-Platform\.venv\Lib\site-packages\nbconvert\nbconvertapp.py", line 563, in convert_single_notebook
    output, resources = self.export_single_notebook(
                        ^^^^^^^^^^^^^^^^^^^^^^^^^^^^
  File "C:\Users\manid\Projects\Fraud_Detection_Pipeline\AI-Fraud-Detection-Platform\.venv\Lib\site-packages\nbconvert\nbconvertapp.py", line 487, in export_single_notebook
    output, resources = self.exporter.from_filename(
                        ^^^^^^^^^^^^^^^^^^^^^^^^^^^^
  File "C:\Users\manid\Projects\Fraud_Detection_Pipeline\AI-Fraud-Detection-Platform\.venv\Lib\site-packages\nbconvert\exporters\exporter.py", line 201, in from_filename
    return self.from_file(f, resources=resources, **kw)
           ^^^^^^^^^^^^^^^^^^^^^^^^^^^^^^^^^^^^^^^^^^^^
  File "C:\Users\manid\Projects\Fraud_Detection_Pipeline\AI-Fraud-Detection-Platform\.venv\Lib\site-packages\nbconvert\exporters\exporter.py", line 220, in from_file
    return self.from_notebook_node(
           ^^^^^^^^^^^^^^^^^^^^^^^^
  File "C:\Users\manid\Projects\Fraud_Detection_Pipeline\AI-Fraud-Detection-Platform\.venv\Lib\site-packages\nbconvert\exporters\notebook.py", line 36, in from_notebook_node
    nb_copy, resources = super().from_notebook_node(nb, resources, **kw)
                         ^^^^^^^^^^^^^^^^^^^^^^^^^^^^^^^^^^^^^^^^^^^^^^^
  File "C:\Users\manid\Projects\Fraud_Detection_Pipeline\AI-Fraud-Detection-Platform\.venv\Lib\site-packages\nbconvert\exporters\exporter.py", line 154, in from_notebook_node
    nb_copy, resources = self._preprocess(nb_copy, resources)
                         ^^^^^^^^^^^^^^^^^^^^^^^^^^^^^^^^^^^^
  File "C:\Users\manid\Projects\Fraud_Detection_Pipeline\AI-Fraud-Detection-Platform\.venv\Lib\site-packages\nbconvert\exporters\exporter.py", line 353, in _preprocess
    nbc, resc = preprocessor(nbc, resc)
                ^^^^^^^^^^^^^^^^^^^^^^^
  File "C:\Users\manid\Projects\Fraud_Detection_Pipeline\AI-Fraud-Detection-Platform\.venv\Lib\site-packages\nbconvert\preprocessors\base.py", line 48, in __call__
    return self.preprocess(nb, resources)
           ^^^^^^^^^^^^^^^^^^^^^^^^^^^^^^
  File "C:\Users\manid\Projects\Fraud_Detection_Pipeline\AI-Fraud-Detection-Platform\.venv\Lib\site-packages\nbconvert\preprocessors\execute.py", line 103, in preprocess
    self.preprocess_cell(cell, resources, index)
  File "C:\Users\manid\Projects\Fraud_Detection_Pipeline\AI-Fraud-Detection-Platform\.venv\Lib\site-packages\nbconvert\preprocessors\execute.py", line 124, in preprocess_cell
    cell = self.execute_cell(cell, index, store_history=True)
           ^^^^^^^^^^^^^^^^^^^^^^^^^^^^^^^^^^^^^^^^^^^^^^^^^^
  File "C:\Users\manid\Projects\Fraud_Detection_Pipeline\AI-Fraud-Detection-Platform\.venv\Lib\site-packages\jupyter_core\utils\__init__.py", line 165, in wrapped
    return loop.run_until_complete(inner)
           ^^^^^^^^^^^^^^^^^^^^^^^^^^^^^^
  File "C:\Users\manid\AppData\Local\Programs\Python\Python312\Lib\asyncio\base_events.py", line 691, in run_until_complete
    return future.result()
           ^^^^^^^^^^^^^^^
  File "C:\Users\manid\Projects\Fraud_Detection_Pipeline\AI-Fraud-Detection-Platform\.venv\Lib\site-packages\nbclient\client.py", line 1062, in async_execute_cell
    await self._check_raise_for_error(cell, cell_index, exec_reply)
  File "C:\Users\manid\Projects\Fraud_Detection_Pipeline\AI-Fraud-Detection-Platform\.venv\Lib\site-packages\nbclient\client.py", line 918, in _check_raise_for_error
    raise CellExecutionError.from_cell_and_msg(cell, exec_reply_content)
nbclient.exceptions.CellExecutionError: An error occurred while executing the following cell:
------------------
registry = ModelRegistry()

# Register the winning Phase 8 model
champ = registry.register_model(ModelRegistration(
    model_name="Full_Fusion_XGBoost",
    experiment_id="4_Full_Fusion",
    dataset_hash="1234abcd",
    metrics={"pr_auc": 0.95, "f1": 0.92},
    status="Champion"
))

print("=== Global Model Registry ===")
print(registry.list_models().to_string(index=False))
------------------


[31m---------------------------------------------------------------------------[39m
[31mNameError[39m                                 Traceback (most recent call last)
[36mCell[39m[36m [39m[32mIn[2][39m[32m, line 4[39m
[32m      1[39m registry = ModelRegistry()
[32m      2[39m 
[32m      3[39m [38;5;66;03m# Register the winning Phase 8 model[39;00m
[32m----> [39m[32m4[39m champ = registry.register_model(ModelRegistration(
[32m      5[39m     model_name=[33m"Full_Fusion_XGBoost"[39m,
[32m      6[39m     experiment_id=[33m"4_Full_Fusion"[39m,
[32m      7[39m     dataset_hash=[33m"1234abcd"[39m,

[31mNameError[39m: name 'ModelRegistration' is not defined

