[NbConvertApp] Converting notebook notebooks\07_Graph_Intelligence.ipynb to notebook
C:\Users\manid\Projects\Fraud_Detection_Pipeline\AI-Fraud-Detection-Platform\.venv\Lib\site-packages\zmq\_future.py:718: RuntimeWarning: Proactor event loop does not implement add_reader family of methods required for zmq. Registering an additional selector thread for add_reader support via tornado. Use `asyncio.set_event_loop_policy(WindowsSelectorEventLoopPolicy())` to avoid this warning.
  self._get_loop()
[IPKernelApp] WARNING | Kernel is running over TCP without encryption. All communication (including code and outputs) is sent in plain text and is susceptible to eavesdropping. Use IPC transport or launch with kernel manager-provisioned CurveZMQ keys to enable transport encryption.
Traceback (most recent call last):
  File "<frozen runpy>", line 198, in _run_module_as_main
  File "<frozen runpy>", line 88, in _run_code
  File "C:\Users\manid\Projects\Fraud_Detection_Pipeline\AI-Fraud-Detection-Platform\.venv\Scripts\jupyter-nbconvert.EXE\__main__.py", line 5, in <module>
  File "C:\Users\manid\Projects\Fraud_Detection_Pipeline\AI-Fraud-Detection-Platform\.venv\Lib\site-packages\jupyter_core\application.py", line 284, in launch_instance
    super().launch_instance(argv=argv, **kwargs)
  File "C:\Users\manid\Projects\Fraud_Detection_Pipeline\AI-Fraud-Detection-Platform\.venv\Lib\site-packages\traitlets\config\application.py", line 1082, in launch_instance
    app.start()
  File "C:\Users\manid\Projects\Fraud_Detection_Pipeline\AI-Fraud-Detection-Platform\.venv\Lib\site-packages\nbconvert\nbconvertapp.py", line 420, in start
    self.convert_notebooks()
  File "C:\Users\manid\Projects\Fraud_Detection_Pipeline\AI-Fraud-Detection-Platform\.venv\Lib\site-packages\nbconvert\nbconvertapp.py", line 597, in convert_notebooks
    self.convert_single_notebook(notebook_filename)
  File "C:\Users\manid\Projects\Fraud_Detection_Pipeline\AI-Fraud-Detection-Platform\.venv\Lib\site-packages\nbconvert\nbconvertapp.py", line 563, in convert_single_notebook
    output, resources = self.export_single_notebook(
                        ^^^^^^^^^^^^^^^^^^^^^^^^^^^^
  File "C:\Users\manid\Projects\Fraud_Detection_Pipeline\AI-Fraud-Detection-Platform\.venv\Lib\site-packages\nbconvert\nbconvertapp.py", line 487, in export_single_notebook
    output, resources = self.exporter.from_filename(
                        ^^^^^^^^^^^^^^^^^^^^^^^^^^^^
  File "C:\Users\manid\Projects\Fraud_Detection_Pipeline\AI-Fraud-Detection-Platform\.venv\Lib\site-packages\nbconvert\exporters\exporter.py", line 201, in from_filename
    return self.from_file(f, resources=resources, **kw)
           ^^^^^^^^^^^^^^^^^^^^^^^^^^^^^^^^^^^^^^^^^^^^
  File "C:\Users\manid\Projects\Fraud_Detection_Pipeline\AI-Fraud-Detection-Platform\.venv\Lib\site-packages\nbconvert\exporters\exporter.py", line 220, in from_file
    return self.from_notebook_node(
           ^^^^^^^^^^^^^^^^^^^^^^^^
  File "C:\Users\manid\Projects\Fraud_Detection_Pipeline\AI-Fraud-Detection-Platform\.venv\Lib\site-packages\nbconvert\exporters\notebook.py", line 36, in from_notebook_node
    nb_copy, resources = super().from_notebook_node(nb, resources, **kw)
                         ^^^^^^^^^^^^^^^^^^^^^^^^^^^^^^^^^^^^^^^^^^^^^^^
  File "C:\Users\manid\Projects\Fraud_Detection_Pipeline\AI-Fraud-Detection-Platform\.venv\Lib\site-packages\nbconvert\exporters\exporter.py", line 154, in from_notebook_node
    nb_copy, resources = self._preprocess(nb_copy, resources)
                         ^^^^^^^^^^^^^^^^^^^^^^^^^^^^^^^^^^^^
  File "C:\Users\manid\Projects\Fraud_Detection_Pipeline\AI-Fraud-Detection-Platform\.venv\Lib\site-packages\nbconvert\exporters\exporter.py", line 353, in _preprocess
    nbc, resc = preprocessor(nbc, resc)
                ^^^^^^^^^^^^^^^^^^^^^^^
  File "C:\Users\manid\Projects\Fraud_Detection_Pipeline\AI-Fraud-Detection-Platform\.venv\Lib\site-packages\nbconvert\preprocessors\base.py", line 48, in __call__
    return self.preprocess(nb, resources)
           ^^^^^^^^^^^^^^^^^^^^^^^^^^^^^^
  File "C:\Users\manid\Projects\Fraud_Detection_Pipeline\AI-Fraud-Detection-Platform\.venv\Lib\site-packages\nbconvert\preprocessors\execute.py", line 103, in preprocess
    self.preprocess_cell(cell, resources, index)
  File "C:\Users\manid\Projects\Fraud_Detection_Pipeline\AI-Fraud-Detection-Platform\.venv\Lib\site-packages\nbconvert\preprocessors\execute.py", line 124, in preprocess_cell
    cell = self.execute_cell(cell, index, store_history=True)
           ^^^^^^^^^^^^^^^^^^^^^^^^^^^^^^^^^^^^^^^^^^^^^^^^^^
  File "C:\Users\manid\Projects\Fraud_Detection_Pipeline\AI-Fraud-Detection-Platform\.venv\Lib\site-packages\jupyter_core\utils\__init__.py", line 165, in wrapped
    return loop.run_until_complete(inner)
           ^^^^^^^^^^^^^^^^^^^^^^^^^^^^^^
  File "C:\Users\manid\AppData\Local\Programs\Python\Python312\Lib\asyncio\base_events.py", line 691, in run_until_complete
    return future.result()
           ^^^^^^^^^^^^^^^
  File "C:\Users\manid\Projects\Fraud_Detection_Pipeline\AI-Fraud-Detection-Platform\.venv\Lib\site-packages\nbclient\client.py", line 1062, in async_execute_cell
    await self._check_raise_for_error(cell, cell_index, exec_reply)
  File "C:\Users\manid\Projects\Fraud_Detection_Pipeline\AI-Fraud-Detection-Platform\.venv\Lib\site-packages\nbclient\client.py", line 918, in _check_raise_for_error
    raise CellExecutionError.from_cell_and_msg(cell, exec_reply_content)
nbclient.exceptions.CellExecutionError: An error occurred while executing the following cell:
------------------
from src.utils.bootstrap import bootstrap
bootstrap()

from pathlib import Path
import sys

    if (current / "src").exists():
        break
else:
    raise RuntimeError("Project root could not be located.")
import json
import sys
from pathlib import Path

import pandas as pd
import networkx as nx
import matplotlib.pyplot as plt

# Ensure project root is on the path

from src.graph.GraphBuilder import GraphBuilder
from src.graph.CommunityDetector import CommunityDetector
from src.graph.CentralityEngine import CentralityEngine
from src.graph.RiskPropagationEngine import RiskPropagationEngine
from src.graph.GraphExporter import GraphExporter
from src.graph.GraphFeatureStore import GraphFeatureStore

# Output directories
REPORTS_DIR = "reports/phase_07"
VIZ_DIR = "reports/phase_07/visualization"
Path(REPORTS_DIR).mkdir(parents=True, exist_ok=True)
Path(VIZ_DIR).mkdir(parents=True, exist_ok=True)

print("Sentinel AI Graph Intelligence Engine initialised.")
------------------


  [36mCell[39m[36m [39m[32mIn[1][39m[32m, line 7[39m
[31m    [39m[31mif (current / "src").exists():[39m
    ^
[31mIndentationError[39m[31m:[39m unexpected indent


